<?xml version="1.0" encoding="UTF-8"?>
<!-- Generated by org.testng.reporters.JUnitXMLReporter -->
<testsuite ignored="0" hostname="DESKTOP-1SLIKOS" failures="0" tests="4" name="test" time="0.614" errors="0" timestamp="2022-11-06T13:04:23 IST">
  <testcase classname="testNG.TestNGTestCaseExample" name="FirstTestCase" time="0.124"/>
  <testcase classname="testNG.TestNGTestCaseExample" name="FourthTestCase" time="0.004"/>
  <testcase classname="testNG.TestNGTestCaseExample" name="SecondTestCase" time="0.003"/>
  <testcase classname="testNG.TestNGTestCaseExample" name="ThirdTestCase" time="0.004"/>
</testsuite> <!-- test -->
